<?xml version="1.0" encoding="UTF-8"?>
<!-- Generated by org.testng.reporters.JUnitReportReporter -->
<testsuite hostname="DESKTOP-DJ4FDME" failures="0" tests="1" name="com.apiauto.restassured.HealthCheck" time="4.291" errors="0" timestamp="2025-05-19T07:24:25 IST" skipped="0">
  <testcase classname="com.apiauto.restassured.HealthCheck" name="healthcheck" time="4.291"/>
</testsuite> <!-- com.apiauto.restassured.HealthCheck -->
