<?xml version="1.0" encoding="UTF-8"?>
<!-- Generated by org.testng.reporters.JUnitReportReporter -->
<testsuite hostname="DESKTOP-DJ4FDME" failures="0" tests="1" name="com.apiauto.restassured.GetBookingDetails" time="4.003" errors="0" timestamp="2025-05-19T08:04:55 IST" skipped="0">
  <testcase classname="com.apiauto.restassured.GetBookingDetails" name="getallbookings" time="4.003"/>
</testsuite> <!-- com.apiauto.restassured.GetBookingDetails -->
