<?xml version="1.0" encoding="UTF-8"?>
<!-- Generated by org.testng.reporters.JUnitReportReporter -->
<testsuite hostname="DESKTOP-DJ4FDME" failures="0" tests="1" name="com.apiauto.restassured.GetAllBooking" time="4.280" errors="0" timestamp="2025-05-19T07:46:47 IST" skipped="0">
  <testcase classname="com.apiauto.restassured.GetAllBooking" name="getallbookings" time="4.280"/>
</testsuite> <!-- com.apiauto.restassured.GetAllBooking -->
